<component name="libraryTable">
  <library name="junit-4.12 (1)">
    <CLASSES>
      <root url="jar://C:/junit-4.12 (1).jar!/" />
    </CLASSES>
    <JAVADOC />
    <SOURCES />
  </library>
</component>